160 653
368 740
200 601
200 653
208 640
312 596
208 639
192 650
40 654
40 645
328 732
32 683
296 426
296 446
208 636
40 663
40 646
80 642
48 645
192 631
168 650
336 549
208 643
168 710
192 638
192 619
48 663
264 655
48 660
40 649
184 633
328 428
296 440
320 520
104 645
136 672
176 658
168 654
184 661
136 649
144 639
128 644
152 641
152 640
136 658
280 523
152 636
168 604
160 588
152 603
88 604
160 589
160 587
360 738
344 754
128 659
152 661
224 445
232 448
232 449
232 452
232 451
232 450
232 447
232 446
232 445
232 454
232 453
168 608
368 636
368 637
368 638
368 639
368 646
368 645
368 644
368 643
184 578
176 584
160 583
160 584
160 586
160 585
176 575
184 581
168 584
168 587
168 586
176 582
176 588
144 611
200 572
208 565
192 579
192 663
256 680
176 585
168 585
192 614
176 640
168 644
160 648
160 647
72 611
160 646
168 646
160 651
168 649
160 652
368 677
168 651
168 648
152 639
152 645
304 455
304 432
296 443
328 516
328 514
328 515
152 644
152 680
152 668
136 671
176 670
232 681
152 656
120 697
160 665
176 669
200 687
136 669
128 682
136 668
136 670
128 681
136 667
128 688
128 680
136 678
128 684
168 717
168 716
136 716
128 696
128 679
136 665
152 652
224 724
128 683
136 663
144 638
184 480
120 696
336 630
136 673
128 678
80 601
232 587
224 573
136 661
128 686
160 637
160 674
128 687
144 670
128 661
152 655
120 690
136 660
144 657
120 691
280 725
136 662
136 657
120 692
136 656
144 656
192 651
152 712
168 707
168 679
168 652
152 675
168 709
144 686
176 681
160 694
168 683
224 662
336 674
312 654
336 653
336 652
336 654
176 679
176 675
192 577
336 655
200 575
208 563
344 762
280 415
192 652
160 540
184 647
136 647
336 629
216 704
128 649
240 557
136 644
136 642
136 641
136 639
232 571
200 681
312 625
312 624
136 640
296 741
240 666
224 580
336 631
328 518
328 509
336 520
136 643
128 645
128 640
128 643
128 642
232 616
128 641
136 659
232 626
224 720
136 666
144 598
144 594
144 600
144 604
144 610
144 606
224 683
144 605
144 607
208 657
224 629
224 624
224 578
200 586
216 589
208 590
224 604
248 509
392 688
160 667
136 682
144 687
224 637
208 654
216 649
368 649
248 505
240 529
248 513
248 512
240 505
248 511
240 503
240 514
240 504
240 513
240 512
240 511
240 509
240 510
240 507
240 508
240 506
248 508
248 507
248 503
248 506
208 656
216 655
216 654
224 644
232 639
224 640
232 637
232 641
216 661
160 541
216 645
232 635
232 640
208 584
144 597
144 603
152 605
128 617
136 617
136 621
128 626
128 624
368 732
400 649
136 627
144 609
288 468
128 621
136 619
240 501
288 499
304 524
304 523
304 521
304 525
304 520
144 602
240 662
144 599
144 595
144 593
144 592
144 596
176 676
248 702
256 688
144 601
256 679
224 682
288 689
272 699
144 608
144 681
128 695
144 688
144 694
168 685
168 700
160 702
168 701
168 711
168 712
392 687
168 708
160 715
152 674
168 705
168 702
160 714
168 713
168 706
160 717
160 709
160 707
280 719
168 704
168 703
344 689
160 712
160 713
168 714
104 717
112 703
200 655
280 458
136 664
208 647
152 671
168 631
144 665
296 674
144 669
144 671
136 687
176 688
176 693
176 684
216 681
176 678
176 683
288 747
176 674
176 673
160 704
160 705
136 700
288 412
152 711
152 708
152 710
160 706
136 701
160 716
216 727
224 612
160 708
200 686
160 710
160 623
160 711
312 692
128 692
224 583
160 701
160 670
176 511
240 562
128 690
288 487
136 688
160 703
192 473
152 699
160 669
152 698
152 694
168 681
168 680
344 758
168 682
328 720
168 632
240 664
152 686
136 690
144 689
152 676
152 672
200 612
152 670
152 669
304 522
288 462
232 619
160 668
152 677
136 707
240 647
128 699
144 706
144 709
288 730
128 701
304 690
136 699
152 713
136 706
144 707
320 747
232 559
240 695
152 709
224 621
144 708
192 674
200 656
160 689
144 695
136 693
160 696
232 583
304 604
136 692
160 686
168 686
168 698
272 651
168 697
184 493
144 690
280 724
320 753
240 640
240 638
232 602
256 722
200 682
136 691
168 695
336 459
200 679
296 582
136 689
152 702
208 610
160 691
224 722
160 697
248 700
232 698
16 918
8 933
232 545
232 544
160 539
160 549
152 540
152 536
240 665
144 539
152 542
152 543
248 656
160 542
240 556
152 532
248 657
304 526
232 625
216 682
240 559
248 546
232 549
224 586
144 528
216 606
144 541
248 543
272 532
208 552
256 518
160 475
160 478
192 459
176 462
200 458
200 459
184 458
168 467
200 460
200 457
192 455
208 462
160 467
208 471
208 466
208 463
192 457
168 468
160 472
168 469
200 461
176 461
160 466
208 577
184 459
352 739
160 469
264 695
320 713
160 468
328 654
312 670
192 458
328 665
264 721
184 472
192 463
168 633
296 756
280 754
200 464
288 756
288 744
184 473
280 723
272 733
312 743
304 744
208 465
200 465
192 470
288 498
328 669
344 664
336 659
224 710
224 718
224 697
232 700
224 711
232 704
232 699
176 463
264 508
216 483
200 481
208 474
272 707
168 553
168 554
216 552
192 531
224 530
360 731
224 532
224 524
304 727
224 528
304 722
216 535
224 529
224 525
304 721
192 622
216 551
208 544
216 550
216 549
208 543
184 542
216 536
192 536
184 540
336 732
208 527
184 537
384 636
208 548
200 534
152 531
152 530
152 526
144 560
152 538
152 539
160 524
152 537
152 541
152 535
160 529
152 523
160 528
160 547
208 676
176 659
192 637
192 635
160 522
200 628
200 627
200 654
160 527
152 518
152 525
152 520
160 523
160 526
152 519
152 528
152 529
152 517
144 520
144 519
152 527
152 524
160 525
152 521
152 522
168 488
168 486
408 594
232 654
368 680
264 510
168 450
176 448
160 461
152 460
168 457
176 450
184 451
192 450
192 447
192 444
192 453
184 450
208 646
208 644
208 641
192 646
344 484
176 451
168 453
168 456
168 458
184 449
208 456
200 455
200 453
192 454
192 449
176 452
160 458
160 452
160 453
152 458
152 462
152 459
160 454
160 451
192 445
184 446
192 452
192 451
200 450
160 462
160 459
160 457
160 455
160 456
168 455
160 460
184 447
152 461
160 463
168 454
184 452
152 467
184 448
168 449
176 447
184 445
176 449
168 451
168 452
224 466
200 489
176 481
200 482
184 675
184 630
200 451
200 454
200 452
208 679
200 449
192 446
192 448
216 671
208 674
200 658
288 702
272 732
280 727
296 743
152 472
136 504
184 538
192 537
224 533
216 532
208 528
208 536
224 526
320 716
224 523
208 554
328 655
160 575
168 628
216 610
168 574
304 453
168 573
200 571
176 572
216 495
208 452
216 466
176 546
192 535
224 527
216 533
328 766
240 704
184 516
200 544
200 547
176 547
176 550
184 560
176 556
200 557
208 537
232 534
368 678
296 521
288 518
272 510
256 513
264 511
264 512
304 519
296 522
296 519
288 511
248 530
280 513
216 467
208 476
216 474
176 553
224 535
360 741
200 608
184 568
176 558
208 550
328 500
168 548
208 551
168 552
168 546
280 721
160 554
160 553
160 551
168 549
160 552
176 573
256 516
152 509
144 503
144 506
144 510
208 486
200 542
296 672
176 636
208 524
208 521
240 542
224 534
232 547
240 537
192 565
160 495
184 566
184 569
176 522
168 557
256 514
240 536
240 539
240 702
176 545
424 662
168 558
168 559
176 549
192 546
176 559
176 557
176 544
272 739
208 675
176 555
176 561
168 547
232 532
240 532
264 521
256 515
232 537
168 507
256 520
160 488
256 512
160 491
288 743
208 678
176 552
240 688
168 556
168 560
208 560
216 548
216 541
248 535
280 545
280 540
280 539
288 539
232 542
176 517
272 542
232 546
288 542
296 538
264 514
264 519
264 513
288 526
288 527
288 461
264 517
264 518
272 517
272 519
296 530
272 516
288 532
184 570
208 549
184 564
184 567
336 651
200 685
216 540
288 446
160 492
224 585
184 565
392 717
200 513
272 426
200 555
288 690
288 748
256 663
200 511
280 544
280 538
272 727
296 544
280 535
248 542
296 668
200 512
232 492
224 473
224 475
224 465
224 463
216 469
216 471
216 470
232 473
168 491
224 471
216 468
224 467
336 444
224 464
224 468
272 681
336 725
296 748
224 572
296 727
208 541
208 500
168 551
184 549
224 584
200 553
200 554
200 556
200 546
176 548
184 551
184 533
160 503
184 531
192 540
168 625
176 519
184 543
192 543
192 526
176 551
208 603
184 541
200 537
192 539
200 517
192 501
240 551
272 527
296 534
272 529
304 726
272 526
296 532
264 527
296 540
272 530
296 536
272 528
280 757
256 540
240 538
240 541
192 520
256 542
248 540
240 540
248 537
248 534
264 542
336 756
248 541
248 533
256 539
352 634
328 521
288 479
224 477
224 474
168 505
232 728
232 472
56 600
216 634
352 729
232 732
224 472
224 470
232 470
232 471
320 763
224 469
200 518
200 528
184 535
176 518
240 672
200 525
184 527
208 494
184 517
168 518
184 518
176 503
248 536
264 534
264 540
256 535
288 456
248 539
248 538
296 460
248 720
200 502
232 543
232 535
168 550
176 543
256 710
320 447
208 529
304 486
312 465
304 458
224 536
232 531
232 533
200 569
216 554
240 544
208 562
208 566
304 725
288 731
400 653
208 553
208 558
208 555
208 561
272 417
208 559
184 520
208 557
184 625
384 643
232 536
296 457
360 676
296 742
320 714
320 750
392 651
264 554
176 512
208 556
216 553
200 564
312 631
184 526
168 506
168 510
200 484
328 520
200 483
208 484
248 664
176 509
192 518
200 524
312 745
184 521
176 513
376 707
192 484
184 500
184 523
192 511
296 746
176 516
184 510
192 509
168 500
192 519
160 493
160 479
168 487
192 515
168 483
328 548
208 499
288 610
208 487
208 523
200 477
256 706
200 494
176 520
200 498
272 506
176 521
312 419
168 515
168 497
168 509
408 595
168 504
216 612
200 583
176 486
200 613
408 596
184 479
168 482
168 489
400 586
232 647
200 475
184 481
176 501
176 477
176 490
208 485
264 566
200 486
200 476
200 485
200 480
168 494
168 492
168 481
176 489
288 413
176 471
200 581
176 488
344 716
184 477
176 492
176 478
184 482
216 502
208 512
200 515
208 496
200 496
216 507
208 508
192 625
200 516
208 501
208 510
288 608
296 723
184 519
272 513
184 515
288 497
168 508
232 563
256 653
240 656
176 514
280 551
280 663
264 651
328 726
288 609
176 479
296 614
208 503
208 507
232 556
208 492
216 504
280 606
200 510
184 636
216 500
296 635
296 482
208 497
216 501
168 501
200 514
200 500
208 509
168 499
168 493
336 657
168 484
344 600
160 504
232 589
200 487
272 427
328 725
208 482
392 650
168 496
288 753
168 490
176 493
184 476
296 578
184 478
320 427
272 647
200 488
272 642
392 652
200 474
272 703
264 669
184 522
320 759
400 650
216 496
176 494
408 682
320 735
176 497
176 476
176 487
208 498
312 424
208 502
280 694
208 489
344 599
400 728
208 495
280 692
208 493
344 675
200 493
200 479
280 689
200 503
168 623
176 515
352 714
288 617
224 575
200 478
200 490
328 761
336 765
168 627
336 707
344 697
176 480
320 717
304 728
400 662
272 420
320 761
168 485
168 495
160 496
288 507
240 598
424 663
328 541
256 521
296 533
304 480
264 600
272 595
432 671
232 551
200 580
264 688
296 459
296 583
288 543
424 669
312 664
424 667
432 668
216 609
216 683
304 689
312 690
296 625
296 623
296 624
296 636
296 634
288 574
256 594
256 596
272 596
272 584
272 588
296 637
304 481
288 641
304 623
248 588
288 632
296 592
288 601
264 612
304 610
264 605
184 524
312 482
288 615
272 646
296 639
296 640
296 542
312 600
344 699
304 485
272 600
296 638
264 652
264 603
312 595
296 593
320 595
312 606
320 623
256 605
248 601
328 609
328 611
232 628
336 626
312 719
296 465
256 610
248 595
264 601
256 597
248 596
296 579
304 585
296 586
280 579
296 577
272 582
264 575
256 598
264 602
248 597
184 674
192 672
192 677
192 682
192 681
240 687
336 658
424 678
432 669
432 665
424 668
432 643
368 675
424 638
432 638
400 658
336 539
360 675
304 586
280 676
360 652
376 649
360 684
368 676
368 674
272 706
280 691
368 679
344 760
280 735
376 676
376 677
280 681
328 741
328 727
328 724
288 459
312 655
344 683
224 681
208 680
352 726
272 698
272 708
280 693
280 690
272 713
272 712
280 711
272 704
304 492
344 669
200 670
312 718
288 781
280 780
288 780
336 519
336 517
336 516
304 771
296 661
224 679
264 679
264 678
264 676
264 675
264 674
264 677
184 628
264 680
264 682
336 669
312 497
320 485
312 470
312 717
136 581
296 473
312 499
296 498
232 580
312 471
304 472
328 533
304 478
328 687
328 630
344 763
320 481
336 488
256 479
200 579
336 465
288 466
232 663
200 578
312 691
328 753
216 703
224 721
312 688
184 627
192 679
224 727
296 543
224 731
312 687
304 469
320 516
168 614
168 613
160 614
168 610
232 729
304 684
312 694
360 702
312 685
280 675
312 683
280 678
320 691
312 696
320 743
240 734
200 590
312 693
280 679
312 686
288 676
312 684
320 693
312 677
336 700
328 681
320 664
328 675
336 702
328 698
320 699
320 707
320 677
320 518
336 560
320 742
320 461
304 457
312 460
312 449
328 439
328 454
344 455
344 469
320 452
168 612
168 611
168 609
168 606
168 619
168 620
168 621
168 618
160 617
168 617
160 616
168 616
160 615
168 615
168 607
280 728
248 729
240 733
224 728
232 731
232 733
248 732
248 731
248 734
248 730
360 739
240 710
360 709
240 732
240 729
240 730
248 733
248 735
80 604
336 719
352 731
240 728
256 723
352 734
240 639
296 454
352 730
368 733
88 606
88 605
88 602
88 603
96 610
88 601
208 855
208 853
392 640
392 639
344 514
408 689
392 700
248 510
304 594
208 706
176 527
232 634
232 511
136 511
280 629
432 634
272 554
232 590
304 765
152 594
208 690
304 504
328 704
296 676
360 650
384 707
248 504
304 505
368 656
320 648
240 633
240 737
96 606
520 676
48 1085
40 1112
544 908
520 796
32 1006
64 784
336 1099
520 522
32 880
232 598
240 594
240 595
240 585
232 624
232 623
256 635
240 621
312 475
232 579
336 684
312 481
240 634
288 457
176 554
264 659
272 753
280 741
352 752
248 633
232 581
312 695
304 700
304 696
288 472
304 709
424 624
232 694
232 711
176 634
232 703
272 641
392 695
184 556
344 700
384 674
216 715
296 520
288 516
216 595
232 630
208 531
216 534
248 724
296 497
256 719
280 519
288 509
272 514
168 629
288 544
344 749
280 626
248 560
224 726
296 688
312 697
264 627
240 578
232 588
344 698
184 631
184 677
304 460
240 599
240 572
248 565
240 603
272 650
336 689
232 573
304 693
328 631
192 668
344 619
312 619
312 608
240 596
216 705
216 710
200 589
304 445
200 587
248 598
80 594
272 635
344 610
344 617
352 629
400 684
232 687
232 713
232 685
232 725
232 701
200 585
240 712
176 635
288 447
232 638
240 711
240 686
296 517
296 518
304 452
240 571
264 515
288 625
232 564
240 570
168 630
272 505
360 632
80 605
224 660
360 686
272 676
384 640
432 660
264 571
272 652
424 629
336 735
304 528
288 445
328 551
312 615
304 641
312 641
320 636
272 589
280 593
288 586
280 580
312 632
232 560
272 591
312 620
264 570
312 609
312 616
264 574
256 599
288 611
288 614
320 634
248 600
312 644
312 642
184 650
408 662
256 656
304 598
256 664
280 496
272 655
208 602
312 727
232 597
208 612
384 711
384 697
376 701
304 595
336 601
336 600
272 597
336 628
336 640
336 641
280 589
336 596
272 583
304 592
312 469
320 733
320 515
280 506
264 516
280 575
288 500
352 562
352 546
344 545
344 544
376 702
328 540
320 768
336 431
344 547
312 416
400 680
272 619
312 555
304 569
296 571
320 572
304 573
312 556
304 572
304 571
320 555
336 586
336 579
336 585
296 570
344 546
280 610
352 625
304 557
304 562
304 564
296 566
296 567
304 566
296 565
304 565
288 569
296 562
288 570
264 683
336 547
352 627
304 546
304 549
304 551
304 550
312 553
304 556
304 548
304 553
304 555
304 554
216 604
352 563
392 632
376 622
376 623
376 619
384 624
376 624
368 624
368 626
376 626
344 549
400 616
336 571
328 573
328 550
328 728
328 556
320 565
328 558
328 546
336 550
336 546
328 553
344 556
392 633
336 581
336 577
336 610
336 612
336 607
336 611
336 608
336 609
336 613
336 583
336 614
336 548
344 608
312 543
312 546
312 548
304 545
312 549
312 552
312 547
312 551
312 550
304 547
160 624
344 555
392 628
344 581
344 576
344 585
344 592
344 589
344 590
344 587
344 583
344 586
344 582
344 588
344 591
344 551
392 629
312 575
320 571
320 577
312 576
328 574
312 580
320 578
312 578
312 577
336 573
336 575
336 576
328 575
336 574
328 576
312 579
384 689
328 494
304 614
312 599
304 607
304 608
304 613
304 611
304 617
304 609
304 624
320 606
328 618
328 607
328 608
320 617
312 618
304 626
352 558
336 693
408 614
384 593
376 588
376 608
384 609
376 606
376 609
376 610
360 606
360 607
384 591
384 597
384 594
384 592
384 596
384 595
384 610
352 550
408 605
368 572
360 571
368 584
368 583
360 583
376 586
368 585
360 584
360 585
368 568
368 569
368 574
368 570
368 571
368 573
368 586
344 554
400 621
304 577
312 574
312 582
304 579
320 580
312 583
312 581
304 582
304 583
328 581
336 578
312 598
328 577
328 578
328 580
304 581
352 547
408 604
400 579
376 548
392 570
400 576
392 572
400 580
384 546
384 569
384 570
400 543
408 574
408 576
408 573
408 566
408 575
400 578
352 544
408 600
392 533
376 542
376 537
384 538
368 543
400 566
376 539
376 562
376 561
392 532
408 557
408 561
408 555
400 535
408 553
384 564
352 543
408 603
392 534
376 541
376 535
384 536
376 544
400 564
376 536
376 559
376 560
392 530
408 556
408 562
408 552
400 533
408 551
376 563
352 545
408 602
392 535
376 540
384 535
384 537
376 543
400 565
376 538
376 565
376 564
392 531
408 559
408 560
408 558
400 534
408 554
392 566
272 616
312 689
312 537
320 540
320 541
312 541
320 546
320 548
320 543
296 546
328 537
328 542
328 544
328 549
328 538
320 542
296 547
296 548
408 611
312 607
400 667
392 663
168 474
232 620
304 456
272 634
296 642
296 489
272 644
328 629
336 625
336 627
344 607
352 638
344 606
272 599
280 594
272 590
320 607
328 605
320 608
328 606
312 725
280 570
288 596
328 519
304 596
296 607
312 604
272 594
280 588
312 643
280 577
280 572
328 527
288 576
312 573
312 605
288 603
280 578
280 573
272 605
280 602
280 576
304 575
296 606
304 605
280 583
288 577
304 589
320 589
272 604
280 603
176 581
184 580
264 640
272 648
176 656
176 657
264 629
272 623
272 620
272 615
272 632
248 624
240 631
248 622
272 621
272 618
272 622
272 636
248 623
240 622
296 456
296 641
264 628
272 645
256 630
272 617
272 606
264 613
264 626
256 631
256 637
320 527
312 681
336 662
424 631
432 644
432 646
432 633
432 636
424 627
432 657
424 625
424 628
216 716
216 698
232 695
224 723
232 705
248 706
272 511
288 515
320 657
272 628
248 569
336 705
352 716
384 677
384 709
224 605
376 717
240 573
376 718
392 689
344 693
240 568
392 686
232 601
232 596
384 701
384 702
384 708
384 712
384 678
384 681
320 751
264 564
232 633
344 694
344 714
376 713
336 690
352 668
208 611
352 663
352 658
352 657
304 490
360 666
352 706
352 712
344 670
336 670
208 608
224 577
240 567
312 724
232 569
328 734
296 722
240 569
224 574
232 643
320 749
240 565
232 570
304 652
224 581
320 723
232 572
296 648
344 657
352 656
336 663
240 636
312 652
232 577
232 575
312 758
264 663
296 726
248 643
256 650
328 757
320 417
320 416
320 418
328 756
400 683
232 568
224 576
256 652
208 614
232 576
344 739
344 751
344 752
368 713
248 640
360 653
280 642
344 708
344 701
240 597
304 506
232 562
336 433
312 483
312 723
312 726
312 656
296 645
320 414
312 650
296 655
376 673
240 600
240 604
312 716
304 515
368 716
312 659
312 731
296 529
232 667
288 653
232 631
224 564
240 601
232 605
400 654
280 654
296 654
232 603
368 715
304 645
304 413
296 525
232 604
288 750
288 751
296 754
432 641
424 642
432 642
424 674
424 633
424 630
424 659
424 632
432 639
432 637
424 643
432 647
416 635
432 632
424 661
432 667
424 670
416 678
424 671
424 665
424 676
432 675
424 664
408 680
280 653
280 730
288 749
296 744
288 736
240 635
304 666
256 648
216 611
312 733
312 420
288 663
296 412
296 643
224 570
240 602
224 631
304 723
264 638
296 427
320 690
352 665
296 729
288 740
296 731
312 753
304 649
328 513
312 651
312 427
312 457
208 613
232 600
344 483
296 644
320 734
320 744
216 686
296 724
328 427
224 714
216 690
320 468
248 714
256 708
320 720
248 703
256 714
248 717
248 713
296 671
288 677
248 712
256 718
256 717
248 704
256 711
248 716
248 711
296 673
288 678
296 725
320 484
248 559
296 439
280 662
344 456
336 438
288 662
280 664
296 662
288 661
272 662
296 663
296 558
320 521
344 690
288 757
288 754
296 545
352 682
344 480
288 746
248 561
296 665
296 413
304 415
312 414
288 429
320 449
304 422
280 434
296 434
312 442
312 415
432 635
312 441
320 524
336 753
304 414
312 426
344 745
400 651
320 423
392 653
400 648
328 498
328 507
328 495
336 489
352 483
344 481
192 627
352 480
328 746
232 609
352 484
352 482
352 481
328 501
328 497
336 486
336 493
296 496
296 494
312 653
288 721
280 718
288 725
240 563
288 724
280 720
312 477
312 462
320 432
312 512
224 607
296 720
352 698
288 722
320 415
344 702
312 649
304 657
344 477
344 493
296 657
200 614
272 736
328 499
320 466
344 674
392 713
312 463
320 419
296 495
296 450
320 653
312 662
312 476
288 465
304 516
304 663
296 737
312 663
288 714
168 624
328 683
344 757
288 723
304 752
304 419
368 698
344 688
304 417
296 491
288 651
336 458
288 512
192 612
208 605
344 756
296 721
328 429
344 479
304 498
384 700
272 423
312 480
312 461
320 514
280 505
304 483
304 670
288 473
304 489
248 564
296 493
288 666
312 657
168 626
264 429
312 665
320 440
288 514
296 652
304 664
312 660
312 661
288 658
312 666
224 704
328 504
328 528
296 516
240 564
352 743
336 671
320 438
232 730
312 417
184 635
336 436
232 706
272 430
384 673
280 613
232 621
304 750
296 444
296 653
288 665
232 677
240 675
240 683
232 682
320 682
232 684
232 683
336 682
280 416
280 417
304 653
336 649
312 658
280 449
264 422
384 676
336 435
320 483
232 727
232 697
304 627
320 752
424 644
280 443
272 428
352 462
336 462
224 725
432 661
256 647
240 689
248 644
248 647
264 653
384 675
248 652
336 758
312 452
264 432
296 664
312 478
312 459
216 607
216 632
256 649
288 745
280 722
296 441
376 703
360 562
304 421
272 421
240 731
232 712
336 704
312 485
328 717
312 479
328 729
344 478
344 459
336 440
80 593
328 721
360 546
312 667
296 745
272 721
312 422
344 709
280 435
296 448
312 418
304 488
240 566
288 505
304 724
80 597
272 422
352 709
320 426
320 448
304 615
224 632
424 637
432 629
424 636
432 640
424 635
424 645
272 429
352 473
344 457
320 478
328 754
232 702
320 479
272 439
424 649
344 740
296 447
192 617
320 748
320 454
304 449
392 662
352 744
288 440
304 459
296 438
328 489
360 479
328 444
256 733
256 724
328 433
224 702
208 606
320 730
216 709
336 691
208 716
328 752
240 681
232 676
240 661
232 679
240 660
264 660
264 664
232 680
312 515
320 517
320 519
320 683
280 560
256 658
232 678
240 663
232 675
336 650
296 615
72 600
80 592
312 728
432 677
432 666
432 673
416 679
424 672
432 670
312 720
296 449
320 489
320 480
352 477
416 662
408 629
424 622
424 623
168 647
408 625
400 620
408 635
424 639
424 610
416 609
424 609
416 610
424 611
80 599
208 681
328 760
328 758
312 709
288 444
320 482
320 501
264 668
240 669
280 669
352 455
344 461
344 433
416 680
416 681
432 662
432 663
424 660
416 670
80 603
328 522
80 602
336 529
328 759
296 445
352 450
296 747
424 614
288 504
288 506
424 640
424 634
432 645
424 641
280 616
344 482
424 613
416 612
408 610
272 520
408 612
272 515
272 643
328 718
408 609
408 608
392 691
312 721
272 639
304 491
312 486
312 739
192 657
336 564
200 677
304 416
328 432
352 454
352 451
344 434
280 504
200 680
288 538
248 715
344 753
176 641
312 722
248 721
328 443
288 510
240 705
240 701
328 670
424 677
432 676
424 673
424 675
424 666
288 752
344 450
280 512
272 660
272 512
280 514
288 517
304 552
376 732
328 764
328 765
336 461
320 681
208 609
376 730
320 513
208 604
272 715
376 733
312 713
336 763
360 734
352 457
328 661
280 414
296 669
296 670
296 414
248 705
336 656
264 726
272 661
264 656
264 654
240 659
320 469
424 626
432 631
432 630
432 664
432 674
432 672
392 757
400 741
400 757
392 740
400 763
400 742
392 751
400 740
392 752
392 741
400 752
392 739
400 751
400 739
400 750
296 753
376 737
80 589
296 591
296 553
80 608
304 711
296 675
368 604
408 599
408 598
416 599
408 597
368 607
368 606
368 605
368 611
368 610
248 737
368 609
368 608
304 694
304 697
224 730
256 713
256 712
256 709
328 656
408 601
304 517
288 755
392 716
392 718
384 722
320 758
216 687
280 688
216 668
304 701
216 693
192 636
80 596
80 595
80 611
80 606
80 598
80 600
304 698
272 738
240 822
240 820
240 821
280 738
336 439
200 678
304 699
232 686
216 679
200 609
224 678
336 767
352 456
312 750
336 757
248 696
208 677
352 485
312 714
216 696
328 719
224 729
208 699
304 704
216 678
184 622
296 451
208 702
208 703
56 605
56 606
56 607
56 608
56 613
56 616
56 612
272 737
272 756
208 607
384 655
272 672
272 671
216 605
232 613
384 651
272 665
240 735
312 675
248 736
216 608
384 738
384 741
384 740
384 739
216 714
168 634
320 421
272 551
408 683
304 692
360 500
232 734
232 736
304 529
216 689
208 658
136 600
216 508
120 615
168 687
144 640
120 639
224 447
128 662
112 704
272 555
168 655
256 583
240 623
264 576
288 633
336 632
264 592
296 594
304 633
248 625
344 632
256 622
256 575
272 607
280 633
240 605
248 580
272 574
264 630
328 632
312 633
160 590
176 610
184 685
200 629
192 585
264 744
248 680
280 695
296 701
264 705
336 521
232 655
256 551
224 664
248 479
256 448
264 483
264 450
248 445
256 480
272 481
256 639
296 626
304 507
344 515
288 432
288 448
272 431
280 418
280 426
312 502
296 502
320 502
344 485
320 470
328 455
328 445
312 433
304 433
408 543
416 577
408 577
408 585
